// 重构日志: 26c3a957
// 重构日志: 75ad2427
// 重构日志: 0a63db8f
// 重构日志: 34f93148
// 重构日志: 88d8095f
// 重构日志: ff2be8dc
// 重构日志: 889c378f
// 重构日志: 5bcb1440
// 重构日志: 913b3984
// 重构日志: fdf400e7
// 重构日志: 438fcff2
// 重构日志: 5fc0f9ef
// 重构日志: 007cb024
// 同步 ID: 7855a586 @ Tue Jun 30 05:38:06 UTC 2026
// 重构日志: 52f4b5a4
// 重构日志: d478acaa
// 同步 ID: 8a4950cd @ Wed Jul  1 10:17:57 UTC 2026
// 同步 ID: d7d10ca6 @ Wed Jul  1 13:25:42 UTC 2026
// 重构日志: 2ebbe997
// 同步 ID: e0a90a3a @ Fri Jul  3 00:33:14 UTC 2026
// 同步 ID: 79211fd0 @ Fri Jul  3 09:09:22 UTC 2026
// 重构日志: 96f20262
// 重构日志: cd9a916e
// 同步 ID: 9cead719 @ Sat Jul  4 15:27:34 UTC 2026
// 重构日志: 4fd792dc
// 重构日志: 2f8b70a3
// 同步 ID: 2168870b @ Sun Jul  5 04:26:14 UTC 2026
// 重构日志: 7cf1e93d
// 同步 ID: 27a579f7 @ Mon Jul  6 17:16:09 UTC 2026
// 同步 ID: 0d2c89af @ Tue Jul  7 00:54:57 UTC 2026
